[ 2017-07-21T14:48:46+08:00 ] 127.0.0.1 /index.php/Goods/showlist.html
ERR: 非法操作:showlist

[ 2017-07-21T15:01:21+08:00 ] 127.0.0.1 /login
ERR: 无法加载控制器:Login

[ 2017-07-21T15:10:07+08:00 ] 127.0.0.1 /User/index.html
ERR: 非法操作:index

[ 2017-07-21T16:47:42+08:00 ] 127.0.0.1 /index.php/Home/Shop/addCart?goods_id=6
INFO: [ app_begin ] --START--
INFO: Run Behavior\ReadHtmlCacheBehavior [ RunTime:0.001000s ]
INFO: [ app_begin ] --END-- [ RunTime:0.002000s ]
ERR: 非法操作:addCart

[ 2017-07-21T16:47:46+08:00 ] 127.0.0.1 /index.php/Home/Shop/addCart?goods_id=6
INFO: [ app_begin ] --START--
INFO: Run Behavior\ReadHtmlCacheBehavior [ RunTime:0.001000s ]
INFO: [ app_begin ] --END-- [ RunTime:0.001000s ]
ERR: 非法操作:addCart

[ 2017-07-21T16:47:50+08:00 ] 127.0.0.1 /index.php/Home/Shop/addCart?goods_id=6
INFO: [ app_begin ] --START--
INFO: Run Behavior\ReadHtmlCacheBehavior [ RunTime:0.000000s ]
INFO: [ app_begin ] --END-- [ RunTime:0.001000s ]
ERR: 非法操作:addCart

[ 2017-07-21T16:58:30+08:00 ] 127.0.0.1 /index.php/Home/Shop/addCart?goods_id=6
INFO: [ app_begin ] --START--
INFO: Run Behavior\ReadHtmlCacheBehavior [ RunTime:0.002000s ]
INFO: [ app_begin ] --END-- [ RunTime:0.002000s ]
SQL: SHOW COLUMNS FROM `fs_goods` [ RunTime:0.0060s ]
SQL: SELECT * FROM `fs_goods` WHERE `goods_id` = 6 LIMIT 1   [ RunTime:0.0000s ]
INFO: [ app_end ] --START--
INFO: Run Behavior\ShowPageTraceBehavior [ RunTime:0.002000s ]
INFO: [ app_end ] --END-- [ RunTime:0.002000s ]

[ 2017-07-21T16:59:55+08:00 ] 127.0.0.1 /index.php/Home/Shop/addCart?goods_id=6
INFO: [ app_begin ] --START--
INFO: Run Behavior\ReadHtmlCacheBehavior [ RunTime:0.001000s ]
INFO: [ app_begin ] --END-- [ RunTime:0.001000s ]
SQL: SHOW COLUMNS FROM `fs_goods` [ RunTime:0.0070s ]
SQL: SELECT * FROM `fs_goods` WHERE `goods_id` = 6 LIMIT 1   [ RunTime:0.0120s ]
INFO: [ app_end ] --START--
INFO: Run Behavior\ShowPageTraceBehavior [ RunTime:0.000000s ]
INFO: [ app_end ] --END-- [ RunTime:0.000000s ]

