[ 2017-07-20T20:04:49+08:00 ] 127.0.0.1 /index.php/Admin/Login/checkVerify.html
INFO: [ app_begin ] --START--
INFO: Run Behavior\ReadHtmlCacheBehavior [ RunTime:0.001000s ]
INFO: [ app_begin ] --END-- [ RunTime:0.001000s ]
INFO: [ app_end ] --START--
INFO: Run Behavior\ShowPageTraceBehavior [ RunTime:0.002000s ]
INFO: [ app_end ] --END-- [ RunTime:0.002000s ]

[ 2017-07-20T20:08:25+08:00 ] 127.0.0.1 /index.php/Admin/Login/checkVerify.html
INFO: [ app_begin ] --START--
INFO: Run Behavior\ReadHtmlCacheBehavior [ RunTime:0.001000s ]
INFO: [ app_begin ] --END-- [ RunTime:0.002000s ]
INFO: [ app_end ] --START--
INFO: Run Behavior\ShowPageTraceBehavior [ RunTime:0.001000s ]
INFO: [ app_end ] --END-- [ RunTime:0.001000s ]

[ 2017-07-20T20:09:43+08:00 ] 127.0.0.1 /index.php/Admin/Login/checkVerify.html
INFO: [ app_begin ] --START--
INFO: Run Behavior\ReadHtmlCacheBehavior [ RunTime:0.001000s ]
INFO: [ app_begin ] --END-- [ RunTime:0.001000s ]
INFO: [ app_end ] --START--
INFO: Run Behavior\ShowPageTraceBehavior [ RunTime:0.001000s ]
INFO: [ app_end ] --END-- [ RunTime:0.001000s ]

[ 2017-07-20T20:11:05+08:00 ] 127.0.0.1 /index.php/Admin/Login/checkVerify.html
INFO: [ app_begin ] --START--
INFO: Run Behavior\ReadHtmlCacheBehavior [ RunTime:0.001000s ]
INFO: [ app_begin ] --END-- [ RunTime:0.002000s ]
INFO: [ app_end ] --START--
INFO: Run Behavior\ShowPageTraceBehavior [ RunTime:0.001000s ]
INFO: [ app_end ] --END-- [ RunTime:0.001000s ]

[ 2017-07-20T20:12:48+08:00 ] 127.0.0.1 /index.php/Admin/Login/checkVerify.html
INFO: [ app_begin ] --START--
INFO: Run Behavior\ReadHtmlCacheBehavior [ RunTime:0.001000s ]
INFO: [ app_begin ] --END-- [ RunTime:0.001000s ]
INFO: [ app_end ] --START--
INFO: Run Behavior\ShowPageTraceBehavior [ RunTime:0.001000s ]
INFO: [ app_end ] --END-- [ RunTime:0.001000s ]

[ 2017-07-20T20:13:58+08:00 ] 127.0.0.1 /index.php/Admin/Login/checkVerify.html
INFO: [ app_begin ] --START--
INFO: Run Behavior\ReadHtmlCacheBehavior [ RunTime:0.001000s ]
INFO: [ app_begin ] --END-- [ RunTime:0.001000s ]
INFO: [ app_end ] --START--
INFO: Run Behavior\ShowPageTraceBehavior [ RunTime:0.001000s ]
INFO: [ app_end ] --END-- [ RunTime:0.001000s ]

[ 2017-07-20T20:14:07+08:00 ] 127.0.0.1 /index.php/Admin/Login/checkVerify.html
INFO: [ app_begin ] --START--
INFO: Run Behavior\ReadHtmlCacheBehavior [ RunTime:0.001000s ]
INFO: [ app_begin ] --END-- [ RunTime:0.001000s ]
INFO: [ app_end ] --START--
INFO: Run Behavior\ShowPageTraceBehavior [ RunTime:0.001000s ]
INFO: [ app_end ] --END-- [ RunTime:0.001000s ]

[ 2017-07-20T20:14:15+08:00 ] 127.0.0.1 /index.php/Admin/Login/checkVerify.html
INFO: [ app_begin ] --START--
INFO: Run Behavior\ReadHtmlCacheBehavior [ RunTime:0.001000s ]
INFO: [ app_begin ] --END-- [ RunTime:0.002000s ]
INFO: [ app_end ] --START--
INFO: Run Behavior\ShowPageTraceBehavior [ RunTime:0.001000s ]
INFO: [ app_end ] --END-- [ RunTime:0.001000s ]

[ 2017-07-20T20:39:52+08:00 ] 127.0.0.1 /index.php/Admin/Goods/add.html
ERR: 不存在的图像文件

[ 2017-07-20T20:41:24+08:00 ] 127.0.0.1 /index.php/Admin/Goods/add.html
ERR: 不存在的图像文件

[ 2017-07-20T20:44:01+08:00 ] 127.0.0.1 /index.php/Admin/Goods/add.html
ERR: 不存在的图像文件

[ 2017-07-20T20:45:52+08:00 ] 127.0.0.1 /index.php/Admin/Goods/add.html
ERR: 不存在的图像文件

[ 2017-07-20T20:47:03+08:00 ] 127.0.0.1 /index.php/Admin/Goods/delGoods.html?goods_id=2
INFO: [ app_begin ] --START--
INFO: Run Behavior\ReadHtmlCacheBehavior [ RunTime:0.001000s ]
INFO: [ app_begin ] --END-- [ RunTime:0.002000s ]
SQL: SHOW COLUMNS FROM `fs_goods` [ RunTime:0.0060s ]
SQL: UPDATE `fs_goods` SET `flag`='0' WHERE `goods_id` = 2 [ RunTime:0.1460s ]
INFO: [ app_end ] --START--
INFO: Run Behavior\ShowPageTraceBehavior [ RunTime:0.003000s ]
INFO: [ app_end ] --END-- [ RunTime:0.003000s ]

[ 2017-07-20T20:47:44+08:00 ] 127.0.0.1 /index.php/Admin/Goods/delGoods.html?goods_id=1
INFO: [ app_begin ] --START--
INFO: Run Behavior\ReadHtmlCacheBehavior [ RunTime:0.001000s ]
INFO: [ app_begin ] --END-- [ RunTime:0.002000s ]
SQL: SHOW COLUMNS FROM `fs_goods` [ RunTime:0.0070s ]
SQL: UPDATE `fs_goods` SET `flag`='0' WHERE `goods_id` = 1 [ RunTime:0.1010s ]
INFO: [ app_end ] --START--
INFO: Run Behavior\ShowPageTraceBehavior [ RunTime:0.004000s ]
INFO: [ app_end ] --END-- [ RunTime:0.004000s ]

[ 2017-07-20T21:29:05+08:00 ] 127.0.0.1 /index.php/Admin/Goods/getAttrByType2?goods_id=5&type_id=0
INFO: [ app_begin ] --START--
INFO: Run Behavior\ReadHtmlCacheBehavior [ RunTime:0.001000s ]
INFO: [ app_begin ] --END-- [ RunTime:0.001000s ]

[ 2017-07-20T21:30:36+08:00 ] 127.0.0.1 /index.php/Admin/Goods/getAttrByType2?goods_id=5&type_id=0
INFO: [ app_begin ] --START--
INFO: Run Behavior\ReadHtmlCacheBehavior [ RunTime:0.001000s ]
INFO: [ app_begin ] --END-- [ RunTime:0.001000s ]

[ 2017-07-20T21:30:46+08:00 ] 127.0.0.1 /index.php/Admin/Goods/getAttrByType2?goods_id=4&type_id=0
INFO: [ app_begin ] --START--
INFO: Run Behavior\ReadHtmlCacheBehavior [ RunTime:0.001000s ]
INFO: [ app_begin ] --END-- [ RunTime:0.001000s ]

[ 2017-07-20T21:31:05+08:00 ] 127.0.0.1 /index.php/Admin/Goods/getAttrByType2?goods_id=5&type_id=0
INFO: [ app_begin ] --START--
INFO: Run Behavior\ReadHtmlCacheBehavior [ RunTime:0.000000s ]
INFO: [ app_begin ] --END-- [ RunTime:0.002000s ]

[ 2017-07-20T21:31:58+08:00 ] 127.0.0.1 /index.php/Admin/Goods/getAttrByType2?goods_id=5&type_id=0
INFO: [ app_begin ] --START--
INFO: Run Behavior\ReadHtmlCacheBehavior [ RunTime:0.001000s ]
INFO: [ app_begin ] --END-- [ RunTime:0.001000s ]

[ 2017-07-20T21:44:55+08:00 ] 127.0.0.1 /index.php/Admin/Goods/getAttrByType?goods_id=5&type_id=0
INFO: [ app_begin ] --START--
INFO: Run Behavior\ReadHtmlCacheBehavior [ RunTime:0.001000s ]
INFO: [ app_begin ] --END-- [ RunTime:0.001000s ]

[ 2017-07-20T21:46:40+08:00 ] 127.0.0.1 /index.php/Admin/Goods/getAttrByType?goods_id=5&type_id=0
INFO: [ app_begin ] --START--
INFO: Run Behavior\ReadHtmlCacheBehavior [ RunTime:0.001000s ]
INFO: [ app_begin ] --END-- [ RunTime:0.003000s ]

[ 2017-07-20T21:46:46+08:00 ] 127.0.0.1 /index.php/Admin/Goods/delPics.html
INFO: [ app_begin ] --START--
INFO: Run Behavior\ReadHtmlCacheBehavior [ RunTime:0.001000s ]
INFO: [ app_begin ] --END-- [ RunTime:0.002000s ]
SQL: SHOW COLUMNS FROM `fs_goods_pics` [ RunTime:0.0040s ]
SQL: SELECT * FROM `fs_goods_pics` WHERE `pics_id` = 2 LIMIT 1   [ RunTime:0.0000s ]
SQL: DELETE FROM `fs_goods_pics` WHERE `pics_id` = 2 [ RunTime:0.0250s ]
INFO: [ app_end ] --START--
INFO: Run Behavior\ShowPageTraceBehavior [ RunTime:0.000000s ]
INFO: [ app_end ] --END-- [ RunTime:0.001000s ]

[ 2017-07-20T21:46:48+08:00 ] 127.0.0.1 /index.php/Admin/Goods/delPics.html
INFO: [ app_begin ] --START--
INFO: Run Behavior\ReadHtmlCacheBehavior [ RunTime:0.001000s ]
INFO: [ app_begin ] --END-- [ RunTime:0.002000s ]
SQL: SHOW COLUMNS FROM `fs_goods_pics` [ RunTime:0.0050s ]
SQL: SELECT * FROM `fs_goods_pics` WHERE `pics_id` = 2 LIMIT 1   [ RunTime:0.0000s ]
SQL: DELETE FROM `fs_goods_pics` WHERE `pics_id` = 2 [ RunTime:0.0000s ]
INFO: [ app_end ] --START--
INFO: Run Behavior\ShowPageTraceBehavior [ RunTime:0.001000s ]
INFO: [ app_end ] --END-- [ RunTime:0.001000s ]

[ 2017-07-20T21:46:49+08:00 ] 127.0.0.1 /index.php/Admin/Goods/delPics.html
INFO: [ app_begin ] --START--
INFO: Run Behavior\ReadHtmlCacheBehavior [ RunTime:0.002000s ]
INFO: [ app_begin ] --END-- [ RunTime:0.002000s ]
SQL: SHOW COLUMNS FROM `fs_goods_pics` [ RunTime:0.0040s ]
SQL: SELECT * FROM `fs_goods_pics` WHERE `pics_id` = 2 LIMIT 1   [ RunTime:0.0000s ]
SQL: DELETE FROM `fs_goods_pics` WHERE `pics_id` = 2 [ RunTime:0.0000s ]
INFO: [ app_end ] --START--
INFO: Run Behavior\ShowPageTraceBehavior [ RunTime:0.001000s ]
INFO: [ app_end ] --END-- [ RunTime:0.001000s ]

[ 2017-07-20T21:46:49+08:00 ] 127.0.0.1 /index.php/Admin/Goods/delPics.html
INFO: [ app_begin ] --START--
INFO: Run Behavior\ReadHtmlCacheBehavior [ RunTime:0.001000s ]
INFO: [ app_begin ] --END-- [ RunTime:0.002000s ]
SQL: SHOW COLUMNS FROM `fs_goods_pics` [ RunTime:0.0040s ]
SQL: SELECT * FROM `fs_goods_pics` WHERE `pics_id` = 2 LIMIT 1   [ RunTime:0.0000s ]
SQL: DELETE FROM `fs_goods_pics` WHERE `pics_id` = 2 [ RunTime:0.0000s ]
INFO: [ app_end ] --START--
INFO: Run Behavior\ShowPageTraceBehavior [ RunTime:0.001000s ]
INFO: [ app_end ] --END-- [ RunTime:0.001000s ]

[ 2017-07-20T21:46:49+08:00 ] 127.0.0.1 /index.php/Admin/Goods/delPics.html
INFO: [ app_begin ] --START--
INFO: Run Behavior\ReadHtmlCacheBehavior [ RunTime:0.001000s ]
INFO: [ app_begin ] --END-- [ RunTime:0.002001s ]
SQL: SHOW COLUMNS FROM `fs_goods_pics` [ RunTime:0.0040s ]
SQL: SELECT * FROM `fs_goods_pics` WHERE `pics_id` = 2 LIMIT 1   [ RunTime:0.0010s ]
SQL: DELETE FROM `fs_goods_pics` WHERE `pics_id` = 2 [ RunTime:0.0000s ]
INFO: [ app_end ] --START--
INFO: Run Behavior\ShowPageTraceBehavior [ RunTime:0.001000s ]
INFO: [ app_end ] --END-- [ RunTime:0.001000s ]

[ 2017-07-20T21:49:50+08:00 ] 127.0.0.1 /index.php/Admin/Goods/getAttrByType?goods_id=5&type_id=0
INFO: [ app_begin ] --START--
INFO: Run Behavior\ReadHtmlCacheBehavior [ RunTime:0.001000s ]
INFO: [ app_begin ] --END-- [ RunTime:0.001000s ]

[ 2017-07-20T21:49:56+08:00 ] 127.0.0.1 /index.php/Admin/Goods/delPics.html
INFO: [ app_begin ] --START--
INFO: Run Behavior\ReadHtmlCacheBehavior [ RunTime:0.001000s ]
INFO: [ app_begin ] --END-- [ RunTime:0.001000s ]
SQL: SHOW COLUMNS FROM `fs_goods_pics` [ RunTime:0.0040s ]
SQL: SELECT * FROM `fs_goods_pics` WHERE `pics_id` = 1 LIMIT 1   [ RunTime:0.0010s ]
SQL: DELETE FROM `fs_goods_pics` WHERE `pics_id` = 1 [ RunTime:0.0000s ]
INFO: [ app_end ] --START--
INFO: Run Behavior\ShowPageTraceBehavior [ RunTime:0.001000s ]
INFO: [ app_end ] --END-- [ RunTime:0.002000s ]

