[ 2017-07-16T11:10:55+08:00 ] 127.0.0.1 /index.php/Admin/Login/checkVerify.html
INFO: [ app_begin ] --START--
INFO: Run Behavior\ReadHtmlCacheBehavior [ RunTime:0.002000s ]
INFO: [ app_begin ] --END-- [ RunTime:0.003000s ]
INFO: [ app_end ] --START--
INFO: Run Behavior\ShowPageTraceBehavior [ RunTime:0.003000s ]
INFO: [ app_end ] --END-- [ RunTime:0.003000s ]

[ 2017-07-16T11:19:49+08:00 ] 127.0.0.1 /index.php/Admin/Goods/getAttrByType?type_id=1
INFO: [ app_begin ] --START--
INFO: Run Behavior\ReadHtmlCacheBehavior [ RunTime:0.001000s ]
INFO: [ app_begin ] --END-- [ RunTime:0.001000s ]
ERR: SQLSTATE[42S02]: Base table or view not found: 1146 Table 'fristshop.fs_attribute' doesn't exist

[ 2017-07-16T11:20:36+08:00 ] 127.0.0.1 /index.php/Admin/Goods/add.html
ERR: 不存在的图像文件

[ 2017-07-16T11:23:41+08:00 ] 127.0.0.1 /index.php/Admin/Goods/getAttrByType?type_id=1
INFO: [ app_begin ] --START--
INFO: Run Behavior\ReadHtmlCacheBehavior [ RunTime:0.001000s ]
INFO: [ app_begin ] --END-- [ RunTime:0.002000s ]
ERR: SQLSTATE[42S02]: Base table or view not found: 1146 Table 'fristshop.fs_attribute' doesn't exist

[ 2017-07-16T11:23:50+08:00 ] 127.0.0.1 /index.php/Admin/Goods/add.html
ERR: 不存在的图像文件

[ 2017-07-16T11:24:29+08:00 ] 127.0.0.1 /index.php/Admin/Goods/add.html
ERR: 不存在的图像文件

[ 2017-07-16T11:31:21+08:00 ] 127.0.0.1 /index.php/Admin/Goods/getAttrByType?type_id=1
INFO: [ app_begin ] --START--
INFO: Run Behavior\ReadHtmlCacheBehavior [ RunTime:0.001000s ]
INFO: [ app_begin ] --END-- [ RunTime:0.002001s ]
ERR: SQLSTATE[42S02]: Base table or view not found: 1146 Table 'fristshop.fs_attribute' doesn't exist

[ 2017-07-16T11:31:29+08:00 ] 127.0.0.1 /index.php/Admin/Goods/add.html
ERR: 不存在的图像文件

[ 2017-07-16T11:35:58+08:00 ] 127.0.0.1 /index.php/Admin/Goods/add.html
ERR: 不存在的图像文件

[ 2017-07-16T11:36:05+08:00 ] 127.0.0.1 /index.php/Admin/Goods/add.html
ERR: 不存在的图像文件

[ 2017-07-16T14:57:25+08:00 ] 127.0.0.1 /index.php/Admin/Login/checkVerify.html
INFO: [ app_begin ] --START--
INFO: Run Behavior\ReadHtmlCacheBehavior [ RunTime:0.001000s ]
INFO: [ app_begin ] --END-- [ RunTime:0.002000s ]
INFO: [ app_end ] --START--
INFO: Run Behavior\ShowPageTraceBehavior [ RunTime:0.002001s ]
INFO: [ app_end ] --END-- [ RunTime:0.002001s ]

[ 2017-07-16T14:57:34+08:00 ] 127.0.0.1 /index.php/Admin/Login/checkVerify.html
INFO: [ app_begin ] --START--
INFO: Run Behavior\ReadHtmlCacheBehavior [ RunTime:0.001000s ]
INFO: [ app_begin ] --END-- [ RunTime:0.002000s ]
INFO: [ app_end ] --START--
INFO: Run Behavior\ShowPageTraceBehavior [ RunTime:0.001001s ]
INFO: [ app_end ] --END-- [ RunTime:0.002001s ]

[ 2017-07-16T14:57:35+08:00 ] 127.0.0.1 /index.php/Admin/Login/index.html
ERR: SQLSTATE[42S22]: Column not found: 1054 Unknown column 'login' in 'field list'

[ 2017-07-16T14:57:59+08:00 ] 127.0.0.1 /index.php/Admin/Login/checkVerify.html
INFO: [ app_begin ] --START--
INFO: Run Behavior\ReadHtmlCacheBehavior [ RunTime:0.001000s ]
INFO: [ app_begin ] --END-- [ RunTime:0.001000s ]
INFO: [ app_end ] --START--
INFO: Run Behavior\ShowPageTraceBehavior [ RunTime:0.001000s ]
INFO: [ app_end ] --END-- [ RunTime:0.001000s ]

[ 2017-07-16T14:58:06+08:00 ] 127.0.0.1 /index.php/Admin/Login/checkVerify.html
INFO: [ app_begin ] --START--
INFO: Run Behavior\ReadHtmlCacheBehavior [ RunTime:0.001000s ]
INFO: [ app_begin ] --END-- [ RunTime:0.001000s ]
INFO: [ app_end ] --START--
INFO: Run Behavior\ShowPageTraceBehavior [ RunTime:0.001000s ]
INFO: [ app_end ] --END-- [ RunTime:0.001000s ]

[ 2017-07-16T14:58:15+08:00 ] 127.0.0.1 /index.php/Admin/Login/checkVerify.html
INFO: [ app_begin ] --START--
INFO: Run Behavior\ReadHtmlCacheBehavior [ RunTime:0.001000s ]
INFO: [ app_begin ] --END-- [ RunTime:0.001000s ]
INFO: [ app_end ] --START--
INFO: Run Behavior\ShowPageTraceBehavior [ RunTime:0.000000s ]
INFO: [ app_end ] --END-- [ RunTime:0.001000s ]

[ 2017-07-16T15:15:59+08:00 ] 127.0.0.1 /index.php/Admin/Goods/index
ERR: 无法加载控制器:Goods

